\BOOKMARK [1][-]{Doc-Start}{\376\377\000A\000b\000b\000i\000l\000d\000u\000n\000g\000s\000v\000e\000r\000z\000e\000i\000c\000h\000n\000i\000s}{}% 1
\BOOKMARK [1][-]{section*.1}{\376\377\000A\000k\000r\000o\000n\000y\000m\000e}{}% 2
\BOOKMARK [1][-]{section.1}{\376\377\000E\000i\000n\000l\000e\000i\000t\000u\000n\000g}{}% 3
\BOOKMARK [2][-]{subsection.1.1}{\376\377\000F\000a\000l\000l\000s\000t\000u\000d\000i\000e\000\040\000u\000n\000d\000\040\000Z\000i\000e\000l\000s\000e\000t\000z\000u\000n\000g}{section.1}% 4
\BOOKMARK [2][-]{subsection.1.2}{\376\377\000V\000e\000r\000l\000a\000u\000f\000s\000p\000l\000a\000n\000u\000n\000g}{section.1}% 5
\BOOKMARK [1][-]{section.2}{\376\377\000H\000a\000u\000p\000t\000t\000e\000i\000l}{}% 6
\BOOKMARK [2][-]{subsection.2.1}{\376\377\000D\000e\000s\000i\000g\000n\000-\000T\000h\000i\000n\000k\000i\000n\000g}{section.2}% 7
\BOOKMARK [3][-]{subsubsection.2.1.1}{\376\377\000V\000e\000r\000s\000t\000e\000h\000e\000n\000\040\000-\000\040\000D\000a\000s\000\040\000P\000r\000o\000b\000l\000e\000m\000\040\000d\000e\000f\000i\000n\000i\000e\000r\000e\000n}{subsection.2.1}% 8
\BOOKMARK [3][-]{subsubsection.2.1.2}{\376\377\000B\000e\000o\000b\000a\000c\000h\000t\000e\000n\000\040\000-\000\040\000K\000u\000n\000d\000e\000n\000b\000e\000d\000\374\000r\000f\000n\000i\000s\000s\000e\000\040\000v\000e\000r\000s\000t\000e\000h\000e\000n}{subsection.2.1}% 9
\BOOKMARK [3][-]{subsubsection.2.1.3}{\376\377\000S\000t\000a\000n\000d\000p\000u\000n\000k\000t\000\040\000d\000e\000f\000i\000n\000i\000e\000r\000e\000n\000\040\000-\000\040\000W\000a\000s\000\040\000h\000a\000b\000e\000n\000\040\000w\000i\000r\000\040\000g\000e\000l\000e\000r\000n\000t\000?}{subsection.2.1}% 10
\BOOKMARK [3][-]{subsubsection.2.1.4}{\376\377\000I\000d\000e\000e\000n\000\040\000e\000n\000t\000w\000i\000c\000k\000e\000l\000n\000\040\000-\000\040\000L\000\366\000s\000u\000n\000g\000e\000n\000\040\000s\000k\000i\000z\000z\000i\000e\000r\000e\000n\000\040\000u\000n\000d\000\040\000p\000r\000i\000o\000r\000i\000s\000i\000e\000r\000e\000n}{subsection.2.1}% 11
\BOOKMARK [3][-]{subsubsection.2.1.5}{\376\377\000P\000r\000o\000t\000o\000t\000y\000p\000i\000n\000g\000\040\000-\000\040\000M\000o\000d\000e\000l\000l\000i\000e\000r\000u\000n\000g\000\040\000d\000e\000r\000\040\000b\000e\000s\000t\000e\000n\000\040\000I\000d\000e\000e}{subsection.2.1}% 12
\BOOKMARK [3][-]{subsubsection.2.1.6}{\376\377\000T\000e\000s\000t\000e\000n\000\040\000-\000\040\000W\000a\000s\000\040\000s\000a\000g\000t\000\040\000d\000e\000r\000\040\000K\000u\000n\000d\000e\000?}{subsection.2.1}% 13
\BOOKMARK [2][-]{subsection.2.2}{\376\377\000E\000n\000t\000w\000i\000c\000k\000l\000u\000n\000g\000s\000p\000r\000o\000z\000e\000s\000s}{section.2}% 14
\BOOKMARK [3][-]{subsubsection.2.2.1}{\376\377\000E\000r\000s\000t\000e\000l\000l\000u\000n\000g\000\040\000d\000e\000r\000\040\000U\000m\000l\000-\000D\000i\000a\000g\000r\000a\000m\000m\000e}{subsection.2.2}% 15
\BOOKMARK [3][-]{subsubsection.2.2.2}{\376\377\000E\000i\000n\000r\000i\000c\000h\000t\000u\000n\000g\000\040\000d\000e\000r\000\040\000E\000n\000t\000w\000i\000c\000k\000l\000u\000n\000g\000s\000u\000m\000g\000e\000b\000u\000n\000g}{subsection.2.2}% 16
\BOOKMARK [3][-]{subsubsection.2.2.3}{\376\377\000E\000r\000s\000t\000e\000l\000l\000u\000n\000g\000\040\000u\000n\000d\000\040\000K\000o\000n\000f\000i\000g\000u\000r\000a\000t\000i\000o\000n\000\040\000d\000e\000r\000\040\000D\000a\000t\000e\000n\000b\000a\000n\000k}{subsection.2.2}% 17
\BOOKMARK [3][-]{subsubsection.2.2.4}{\376\377\000P\000r\000o\000g\000r\000a\000m\000m\000i\000e\000r\000u\000n\000g\000\040\000d\000e\000r\000\040\000E\000n\000t\000i\000t\000\344\000t\000e\000n}{subsection.2.2}% 18
\BOOKMARK [3][-]{subsubsection.2.2.5}{\376\377\000P\000r\000o\000g\000r\000a\000m\000m\000i\000e\000r\000u\000n\000g\000\040\000d\000e\000r\000\040\000D\000a\000t\000e\000n\000b\000a\000n\000k\000z\000u\000g\000r\000i\000f\000f\000s\000o\000b\000j\000e\000k\000t\000e}{subsection.2.2}% 19
\BOOKMARK [3][-]{subsubsection.2.2.6}{\376\377\000P\000r\000o\000g\000r\000a\000m\000m\000i\000e\000r\000u\000n\000g\000\040\000d\000e\000r\000\040\000B\000e\000a\000n\000s\000\040\000a\000m\000\040\000B\000e\000i\000s\000p\000i\000e\000l\000\040\000V\000e\000r\000w\000a\000l\000t\000u\000n\000g}{subsection.2.2}% 20
\BOOKMARK [3][-]{subsubsection.2.2.7}{\376\377\000P\000r\000o\000g\000r\000a\000m\000m\000i\000e\000r\000u\000n\000g\000\040\000d\000e\000r\000\040\000C\000o\000n\000t\000r\000o\000l\000l\000e\000r\000\040\000a\000m\000\040\000B\000e\000i\000s\000p\000i\000e\000l\000\040\000P\000e\000r\000s\000o\000n\000B\000e\000r\000g\000u\000n\000g\000G\000e\000i\000s\000t\000e\000r\000n\000e\000t\000z\000C\000o\000n\000t\000r\000o\000l\000l\000e\000r}{subsection.2.2}% 21
\BOOKMARK [3][-]{subsubsection.2.2.8}{\376\377\000P\000r\000o\000g\000r\000a\000m\000m\000i\000e\000r\000u\000n\000g\000\040\000d\000e\000s\000\040\000F\000r\000o\000n\000t\000e\000n\000d\000\040\000a\000m\000\040\000B\000e\000i\000s\000p\000i\000e\000l\000\040\000d\000e\000r\000\040\000V\000e\000r\000w\000a\000l\000t\000u\000n\000g\000s\000s\000e\000i\000t\000e}{subsection.2.2}% 22
\BOOKMARK [1][-]{section.3}{\376\377\000T\000e\000s\000t\000i\000n\000g\000\040\000d\000e\000r\000\040\000W\000e\000b\000a\000p\000p\000l\000i\000k\000a\000t\000i\000o\000n}{}% 23
\BOOKMARK [2][-]{subsection.3.1}{\376\377\000F\000e\000h\000l\000e\000r\000a\000n\000a\000l\000y\000s\000e}{section.3}% 24
\BOOKMARK [2][-]{subsection.3.2}{\376\377\000F\000e\000h\000l\000e\000r\000b\000e\000h\000e\000b\000u\000n\000g}{section.3}% 25
\BOOKMARK [1][-]{section.4}{\376\377\000R\000e\000t\000r\000o\000s\000p\000e\000k\000t\000i\000v\000e\000\040\000d\000e\000s\000\040\000P\000r\000o\000j\000e\000k\000t\000v\000e\000r\000l\000a\000u\000f\000s}{}% 26
